# JRE version: OpenJDK Runtime Environment (8.0_152-b01) (build 1.8.0_152-release-915-b01)
# Java VM: OpenJDK 64-Bit Server VM (25.152-b01 mixed mode windows-amd64 compressed oops)
Heap:
 PSYoungGen      total 138752K, used 42326K [0x00000000d5d80000, 0x00000000df180000, 0x0000000100000000)
  eden space 125952K, 33% used [0x00000000d5d80000,0x00000000d86d5bb0,0x00000000dd880000)
  from space 12800K, 0% used [0x00000000dd880000,0x00000000dd880000,0x00000000de500000)
  to   space 11776K, 0% used [0x00000000de600000,0x00000000de600000,0x00000000df180000)
 ParOldGen       total 79872K, used 36608K [0x0000000081800000, 0x0000000086600000, 0x00000000d5d80000)
  object space 79872K, 45% used [0x0000000081800000,0x0000000083bc03a0,0x0000000086600000)
 Metaspace       used 57425K, capacity 59656K, committed 59992K, reserved 1101824K
  class space    used 7691K, capacity 8203K, committed 8320K, reserved 1048576K
GC Heap History (10 events):
Event: 39.123 GC heap before
{Heap before GC invocations=14 (full 2):
 PSYoungGen      total 83968K, used 82393K [0x00000000d5d80000, 0x00000000dd580000, 0x0000000100000000)
  eden space 72704K, 100% used [0x00000000d5d80000,0x00000000da480000,0x00000000da480000)
  from space 11264K, 86% used [0x00000000da480000,0x00000000dadf6428,0x00000000daf80000)
  to   space 12288K, 0% used [0x00000000dc980000,0x00000000dc980000,0x00000000dd580000)
 ParOldGen       total 79872K, used 16019K [0x0000000081800000, 0x0000000086600000, 0x00000000d5d80000)
  object space 79872K, 20% used [0x0000000081800000,0x00000000827a4e98,0x0000000086600000)
 Metaspace       used 42592K, capacity 43802K, committed 44248K, reserved 1087488K
  class space    used 5700K, capacity 6069K, committed 6144K, reserved 1048576K
Event: 39.143 GC heap after
Heap after GC invocations=14 (full 2):
 PSYoungGen      total 109568K, used 332K [0x00000000d5d80000, 0x00000000dd580000, 0x0000000100000000)
  eden space 97280K, 0% used [0x00000000d5d80000,0x00000000d5d80000,0x00000000dbc80000)
  from space 12288K, 2% used [0x00000000dc980000,0x00000000dc9d3090,0x00000000dd580000)
  to   space 12800K, 0% used [0x00000000dbc80000,0x00000000dbc80000,0x00000000dc900000)
 ParOldGen       total 79872K, used 22962K [0x0000000081800000, 0x0000000086600000, 0x00000000d5d80000)
  object space 79872K, 28% used [0x0000000081800000,0x0000000082e6cbd0,0x0000000086600000)
 Metaspace       used 42592K, capacity 43802K, committed 44248K, reserved 1087488K
  class space    used 5700K, capacity 6069K, committed 6144K, reserved 1048576K
}
Event: 62.033 GC heap before
{Heap before GC invocations=15 (full 2):
 PSYoungGen      total 109568K, used 97612K [0x00000000d5d80000, 0x00000000dd580000, 0x0000000100000000)
  eden space 97280K, 100% used [0x00000000d5d80000,0x00000000dbc80000,0x00000000dbc80000)
  from space 12288K, 2% used [0x00000000dc980000,0x00000000dc9d3090,0x00000000dd580000)
  to   space 12800K, 0% used [0x00000000dbc80000,0x00000000dbc80000,0x00000000dc900000)
 ParOldGen       total 79872K, used 22962K [0x0000000081800000, 0x0000000086600000, 0x00000000d5d80000)
  object space 79872K, 28% used [0x0000000081800000,0x0000000082e6cbd0,0x0000000086600000)
 Metaspace       used 46573K, capacity 47868K, committed 48088K, reserved 1091584K
  class space    used 6220K, capacity 6584K, committed 6656K, reserved 1048576K
Event: 62.086 GC heap after
Heap after GC invocations=15 (full 2):
 PSYoungGen      total 110080K, used 2631K [0x00000000d5d80000, 0x00000000df280000, 0x0000000100000000)
  eden space 97280K, 0% used [0x00000000d5d80000,0x00000000d5d80000,0x00000000dbc80000)
  from space 12800K, 20% used [0x00000000dbc80000,0x00000000dbf11fb0,0x00000000dc900000)
  to   space 12800K, 0% used [0x00000000de600000,0x00000000de600000,0x00000000df280000)
 ParOldGen       total 79872K, used 23018K [0x0000000081800000, 0x0000000086600000, 0x00000000d5d80000)
  object space 79872K, 28% used [0x0000000081800000,0x0000000082e7abd0,0x0000000086600000)
 Metaspace       used 46573K, capacity 47868K, committed 48088K, reserved 1091584K
  class space    used 6220K, capacity 6584K, committed 6656K, reserved 1048576K
}
Event: 77.394 GC heap before
{Heap before GC invocations=16 (full 2):
 PSYoungGen      total 110080K, used 99911K [0x00000000d5d80000, 0x00000000df280000, 0x0000000100000000)
  eden space 97280K, 100% used [0x00000000d5d80000,0x00000000dbc80000,0x00000000dbc80000)
  from space 12800K, 20% used [0x00000000dbc80000,0x00000000dbf11fb0,0x00000000dc900000)
  to   space 12800K, 0% used [0x00000000de600000,0x00000000de600000,0x00000000df280000)
 ParOldGen       total 79872K, used 23018K [0x0000000081800000, 0x0000000086600000, 0x00000000d5d80000)
  object space 79872K, 28% used [0x0000000081800000,0x0000000082e7abd0,0x0000000086600000)
 Metaspace       used 51393K, capacity 53240K, committed 53464K, reserved 1095680K
  class space    used 6923K, capacity 7410K, committed 7424K, reserved 1048576K
Event: 77.467 GC heap after
Heap after GC invocations=16 (full 2):
 PSYoungGen      total 137728K, used 7601K [0x00000000d5d80000, 0x00000000df180000, 0x0000000100000000)
  eden space 125952K, 0% used [0x00000000d5d80000,0x00000000d5d80000,0x00000000dd880000)
  from space 11776K, 64% used [0x00000000de600000,0x00000000ded6c530,0x00000000df180000)
  to   space 12800K, 0% used [0x00000000dd880000,0x00000000dd880000,0x00000000de500000)
 ParOldGen       total 79872K, used 23951K [0x0000000081800000, 0x0000000086600000, 0x00000000d5d80000)
  object space 79872K, 29% used [0x0000000081800000,0x0000000082f63de0,0x0000000086600000)
 Metaspace       used 51393K, capacity 53240K, committed 53464K, reserved 1095680K
  class space    used 6923K, capacity 7410K, committed 7424K, reserved 1048576K
}
Event: 92.222 GC heap before
{Heap before GC invocations=17 (full 2):
 PSYoungGen      total 137728K, used 85260K [0x00000000d5d80000, 0x00000000df180000, 0x0000000100000000)
  eden space 125952K, 61% used [0x00000000d5d80000,0x00000000da956de8,0x00000000dd880000)
  from space 11776K, 64% used [0x00000000de600000,0x00000000ded6c530,0x00000000df180000)
  to   space 12800K, 0% used [0x00000000dd880000,0x00000000dd880000,0x00000000de500000)
 ParOldGen       total 79872K, used 23951K [0x0000000081800000, 0x0000000086600000, 0x00000000d5d80000)
  object space 79872K, 29% used [0x0000000081800000,0x0000000082f63de0,0x0000000086600000)
 Metaspace       used 56704K, capacity 58870K, committed 59028K, reserved 1099776K
  class space    used 7629K, capacity 8136K, committed 8192K, reserved 1048576K
Event: 92.238 GC heap after
Heap after GC invocations=17 (full 2):
 PSYoungGen      total 138752K, used 10243K [0x00000000d5d80000, 0x00000000df180000, 0x0000000100000000)
  eden space 125952K, 0% used [0x00000000d5d80000,0x00000000d5d80000,0x00000000dd880000)
  from space 12800K, 80% used [0x00000000dd880000,0x00000000de280f30,0x00000000de500000)
  to   space 11776K, 0% used [0x00000000de600000,0x00000000de600000,0x00000000df180000)
 ParOldGen       total 79872K, used 27437K [0x0000000081800000, 0x0000000086600000, 0x00000000d5d80000)
  object space 79872K, 34% used [0x0000000081800000,0x00000000832cb508,0x0000000086600000)
 Metaspace       used 56704K, capacity 58870K, committed 59028K, reserved 1099776K
  class space    used 7629K, capacity 8136K, committed 8192K, reserved 1048576K
}
Event: 92.238 GC heap before
{Heap before GC invocations=18 (full 3):
 PSYoungGen      total 138752K, used 10243K [0x00000000d5d80000, 0x00000000df180000, 0x0000000100000000)
  eden space 125952K, 0% used [0x00000000d5d80000,0x00000000d5d80000,0x00000000dd880000)
  from space 12800K, 80% used [0x00000000dd880000,0x00000000de280f30,0x00000000de500000)
  to   space 11776K, 0% used [0x00000000de600000,0x00000000de600000,0x00000000df180000)
 ParOldGen       total 79872K, used 27437K [0x0000000081800000, 0x0000000086600000, 0x00000000d5d80000)
  object space 79872K, 34% used [0x0000000081800000,0x00000000832cb508,0x0000000086600000)
 Metaspace       used 56704K, capacity 58870K, committed 59028K, reserved 1099776K
  class space    used 7629K, capacity 8136K, committed 8192K, reserved 1048576K
Event: 92.590 GC heap after
Heap after GC invocations=18 (full 3):
 PSYoungGen      total 138752K, used 0K [0x00000000d5d80000, 0x00000000df180000, 0x0000000100000000)
  eden space 125952K, 0% used [0x00000000d5d80000,0x00000000d5d80000,0x00000000dd880000)
  from space 12800K, 0% used [0x00000000dd880000,0x00000000dd880000,0x00000000de500000)
  to   space 11776K, 0% used [0x00000000de600000,0x00000000de600000,0x00000000df180000)
 ParOldGen       total 79872K, used 36608K [0x0000000081800000, 0x0000000086600000, 0x00000000d5d80000)
  object space 79872K, 45% used [0x0000000081800000,0x0000000083bc03a0,0x0000000086600000)
 Metaspace       used 56704K, capacity 58870K, committed 59028K, reserved 1099776K
  class space    used 7629K, capacity 8136K, committed 8192K, reserved 1048576K
}

