# JRE version: OpenJDK Runtime Environment (8.0_152-b01) (build 1.8.0_152-release-915-b01)
# Java VM: OpenJDK 64-Bit Server VM (25.152-b01 mixed mode windows-amd64 compressed oops)
Heap:
 PSYoungGen      total 232960K, used 103088K [0x00000000eab00000, 0x0000000100000000, 0x0000000100000000)
  eden space 116736K, 60% used [0x00000000eab00000,0x00000000eefbf570,0x00000000f1d00000)
  from space 116224K, 28% used [0x00000000f1d00000,0x00000000f3cecb40,0x00000000f8e80000)
  to   space 116224K, 0% used [0x00000000f8e80000,0x00000000f8e80000,0x0000000100000000)
 ParOldGen       total 699392K, used 699233K [0x00000000c0000000, 0x00000000eab00000, 0x00000000eab00000)
  object space 699392K, 99% used [0x00000000c0000000,0x00000000eaad85c8,0x00000000eab00000)
 Metaspace       used 6908K, capacity 7384K, committed 7680K, reserved 1056768K
  class space    used 626K, capacity 656K, committed 768K, reserved 1048576K
GC Heap History (10 events):
Event: 40.786 GC heap before
{Heap before GC invocations=43 (full 4):
 PSYoungGen      total 230400K, used 172178K [0x00000000eab00000, 0x00000000ffb00000, 0x0000000100000000)
  eden space 119808K, 100% used [0x00000000eab00000,0x00000000f2000000,0x00000000f2000000)
  from space 110592K, 47% used [0x00000000f8900000,0x00000000fbc249c8,0x00000000ff500000)
  to   space 107520K, 0% used [0x00000000f2000000,0x00000000f2000000,0x00000000f8900000)
 ParOldGen       total 663552K, used 608378K [0x00000000c0000000, 0x00000000e8800000, 0x00000000eab00000)
  object space 663552K, 91% used [0x00000000c0000000,0x00000000e521e828,0x00000000e8800000)
 Metaspace       used 6907K, capacity 7384K, committed 7680K, reserved 1056768K
  class space    used 626K, capacity 656K, committed 768K, reserved 1048576K
Event: 40.865 GC heap after
Heap after GC invocations=43 (full 4):
 PSYoungGen      total 227328K, used 72119K [0x00000000eab00000, 0x0000000100000000, 0x0000000100000000)
  eden space 119808K, 0% used [0x00000000eab00000,0x00000000eab00000,0x00000000f2000000)
  from space 107520K, 67% used [0x00000000f2000000,0x00000000f666dc48,0x00000000f8900000)
  to   space 112128K, 0% used [0x00000000f9280000,0x00000000f9280000,0x0000000100000000)
 ParOldGen       total 663552K, used 608378K [0x00000000c0000000, 0x00000000e8800000, 0x00000000eab00000)
  object space 663552K, 91% used [0x00000000c0000000,0x00000000e521e828,0x00000000e8800000)
 Metaspace       used 6907K, capacity 7384K, committed 7680K, reserved 1056768K
  class space    used 626K, capacity 656K, committed 768K, reserved 1048576K
}
Event: 41.200 GC heap before
{Heap before GC invocations=44 (full 4):
 PSYoungGen      total 227328K, used 191927K [0x00000000eab00000, 0x0000000100000000, 0x0000000100000000)
  eden space 119808K, 100% used [0x00000000eab00000,0x00000000f2000000,0x00000000f2000000)
  from space 107520K, 67% used [0x00000000f2000000,0x00000000f666dc48,0x00000000f8900000)
  to   space 112128K, 0% used [0x00000000f9280000,0x00000000f9280000,0x0000000100000000)
 ParOldGen       total 663552K, used 608378K [0x00000000c0000000, 0x00000000e8800000, 0x00000000eab00000)
  object space 663552K, 91% used [0x00000000c0000000,0x00000000e521e828,0x00000000e8800000)
 Metaspace       used 6907K, capacity 7384K, committed 7680K, reserved 1056768K
  class space    used 626K, capacity 656K, committed 768K, reserved 1048576K
Event: 41.308 GC heap after
Heap after GC invocations=44 (full 4):
 PSYoungGen      total 228864K, used 91801K [0x00000000eab00000, 0x0000000100000000, 0x0000000100000000)
  eden space 116736K, 0% used [0x00000000eab00000,0x00000000eab00000,0x00000000f1d00000)
  from space 112128K, 81% used [0x00000000f9280000,0x00000000fec266b8,0x0000000100000000)
  to   space 116224K, 0% used [0x00000000f1d00000,0x00000000f1d00000,0x00000000f8e80000)
 ParOldGen       total 663552K, used 608378K [0x00000000c0000000, 0x00000000e8800000, 0x00000000eab00000)
  object space 663552K, 91% used [0x00000000c0000000,0x00000000e521e828,0x00000000e8800000)
 Metaspace       used 6907K, capacity 7384K, committed 7680K, reserved 1056768K
  class space    used 626K, capacity 656K, committed 768K, reserved 1048576K
}
Event: 41.450 GC heap before
{Heap before GC invocations=45 (full 4):
 PSYoungGen      total 228864K, used 208537K [0x00000000eab00000, 0x0000000100000000, 0x0000000100000000)
  eden space 116736K, 100% used [0x00000000eab00000,0x00000000f1d00000,0x00000000f1d00000)
  from space 112128K, 81% used [0x00000000f9280000,0x00000000fec266b8,0x0000000100000000)
  to   space 116224K, 0% used [0x00000000f1d00000,0x00000000f1d00000,0x00000000f8e80000)
 ParOldGen       total 663552K, used 608378K [0x00000000c0000000, 0x00000000e8800000, 0x00000000eab00000)
  object space 663552K, 91% used [0x00000000c0000000,0x00000000e521e828,0x00000000e8800000)
 Metaspace       used 6907K, capacity 7384K, committed 7680K, reserved 1056768K
  class space    used 626K, capacity 656K, committed 768K, reserved 1048576K
Event: 41.572 GC heap after
Heap after GC invocations=45 (full 4):
 PSYoungGen      total 232960K, used 78845K [0x00000000eab00000, 0x0000000100000000, 0x0000000100000000)
  eden space 116736K, 0% used [0x00000000eab00000,0x00000000eab00000,0x00000000f1d00000)
  from space 116224K, 67% used [0x00000000f1d00000,0x00000000f69ff4d8,0x00000000f8e80000)
  to   space 116224K, 0% used [0x00000000f8e80000,0x00000000f8e80000,0x0000000100000000)
 ParOldGen       total 663552K, used 640291K [0x00000000c0000000, 0x00000000e8800000, 0x00000000eab00000)
  object space 663552K, 96% used [0x00000000c0000000,0x00000000e7148c90,0x00000000e8800000)
 Metaspace       used 6907K, capacity 7384K, committed 7680K, reserved 1056768K
  class space    used 626K, capacity 656K, committed 768K, reserved 1048576K
}
Event: 41.572 GC heap before
{Heap before GC invocations=46 (full 5):
 PSYoungGen      total 232960K, used 78845K [0x00000000eab00000, 0x0000000100000000, 0x0000000100000000)
  eden space 116736K, 0% used [0x00000000eab00000,0x00000000eab00000,0x00000000f1d00000)
  from space 116224K, 67% used [0x00000000f1d00000,0x00000000f69ff4d8,0x00000000f8e80000)
  to   space 116224K, 0% used [0x00000000f8e80000,0x00000000f8e80000,0x0000000100000000)
 ParOldGen       total 663552K, used 640291K [0x00000000c0000000, 0x00000000e8800000, 0x00000000eab00000)
  object space 663552K, 96% used [0x00000000c0000000,0x00000000e7148c90,0x00000000e8800000)
 Metaspace       used 6907K, capacity 7384K, committed 7680K, reserved 1056768K
  class space    used 626K, capacity 656K, committed 768K, reserved 1048576K
Event: 45.083 GC heap after
Heap after GC invocations=46 (full 5):
 PSYoungGen      total 232960K, used 50510K [0x00000000eab00000, 0x0000000100000000, 0x0000000100000000)
  eden space 116736K, 0% used [0x00000000eab00000,0x00000000eab00000,0x00000000f1d00000)
  from space 116224K, 43% used [0x00000000f1d00000,0x00000000f4e539f0,0x00000000f8e80000)
  to   space 116224K, 0% used [0x00000000f8e80000,0x00000000f8e80000,0x0000000100000000)
 ParOldGen       total 699392K, used 663235K [0x00000000c0000000, 0x00000000eab00000, 0x00000000eab00000)
  object space 699392K, 94% used [0x00000000c0000000,0x00000000e87b0cb0,0x00000000eab00000)
 Metaspace       used 6907K, capacity 7384K, committed 7680K, reserved 1056768K
  class space    used 626K, capacity 656K, committed 768K, reserved 1048576K
}
Event: 45.239 GC heap before
{Heap before GC invocations=47 (full 6):
 PSYoungGen      total 232960K, used 167246K [0x00000000eab00000, 0x0000000100000000, 0x0000000100000000)
  eden space 116736K, 100% used [0x00000000eab00000,0x00000000f1d00000,0x00000000f1d00000)
  from space 116224K, 43% used [0x00000000f1d00000,0x00000000f4e539f0,0x00000000f8e80000)
  to   space 116224K, 0% used [0x00000000f8e80000,0x00000000f8e80000,0x0000000100000000)
 ParOldGen       total 699392K, used 663235K [0x00000000c0000000, 0x00000000eab00000, 0x00000000eab00000)
  object space 699392K, 94% used [0x00000000c0000000,0x00000000e87b0cb0,0x00000000eab00000)
 Metaspace       used 6908K, capacity 7384K, committed 7680K, reserved 1056768K
  class space    used 626K, capacity 656K, committed 768K, reserved 1048576K
Event: 47.631 GC heap after
Heap after GC invocations=47 (full 6):
 PSYoungGen      total 232960K, used 32690K [0x00000000eab00000, 0x0000000100000000, 0x0000000100000000)
  eden space 116736K, 0% used [0x00000000eab00000,0x00000000eab00000,0x00000000f1d00000)
  from space 116224K, 28% used [0x00000000f1d00000,0x00000000f3cecb40,0x00000000f8e80000)
  to   space 116224K, 0% used [0x00000000f8e80000,0x00000000f8e80000,0x0000000100000000)
 ParOldGen       total 699392K, used 699233K [0x00000000c0000000, 0x00000000eab00000, 0x00000000eab00000)
  object space 699392K, 99% used [0x00000000c0000000,0x00000000eaad85c8,0x00000000eab00000)
 Metaspace       used 6908K, capacity 7384K, committed 7680K, reserved 1056768K
  class space    used 626K, capacity 656K, committed 768K, reserved 1048576K
}

